(DL) peijia@pei-mac:~/code/python/mk-python-homework|main⚡ ⇒  cd maku_python_homework_04
(DL) peijia@pei-mac:~/code/python/mk-python-homework/maku_python_homework_04|main⚡ ⇒  ls
README.md           gilded_rose.py      requirements.txt    tests               texttest_fixture.py
(DL) peijia@pei-mac:~/code/python/mk-python-homework/maku_python_homework_04|main⚡ ⇒  python -m pytest tests/test_gilded_rose.py -v
/opt/anaconda3/envs/DL/bin/python: No module named pytest
(DL) peijia@pei-mac:~/code/python/mk-python-homework/maku_python_homework_04|main⚡ ⇒  conda deactivate
(base) peijia@pei-mac:~/code/python/mk-python-homework/maku_python_homework_04|main⚡ ⇒  conda activate base
(base) peijia@pei-mac:~/code/python/mk-python-homework/maku_python_homework_04|main⚡ ⇒  python -m pytest tests/test_gilded_rose.py -v
========================================================================= test session starts ==========================================================================
platform darwin -- Python 3.12.7, pytest-7.4.4, pluggy-1.0.0 -- /opt/anaconda3/bin/python
cachedir: .pytest_cache
rootdir: /Users/peijia/code/python/mk-python-homework/maku_python_homework_04
plugins: anyio-4.2.0
collected 1 item

tests/test_gilded_rose.py::GildedRoseTest::test_foo FAILED                                                                                                       [100%]

=============================================================================== FAILURES ===============================================================================
_______________________________________________________________________ GildedRoseTest.test_foo ________________________________________________________________________

self = <tests.test_gilded_rose.GildedRoseTest testMethod=test_foo>

    def test_foo(self):
        items = [Item("foo", 0, 0)]
        gilded_rose = GildedRose(items)
        gilded_rose.update_quality()
>       self.assertEqual("fixme", items[0].name)
E       AssertionError: 'fixme' != 'foo'
E       - fixme
E       + foo

tests/test_gilded_rose.py:12: AssertionError
======================================================================= short test summary info ========================================================================
FAILED tests/test_gilded_rose.py::GildedRoseTest::test_foo - AssertionError: 'fixme' != 'foo'
========================================================================== 1 failed in 0.03s ===========================================================================
(base) peijia@pei-mac:~/code/python/mk-python-homework/maku_python_homework_04|main⚡ ⇒  python -m pytest tests/test_gilded_rose_approvals.py -v
========================================================================= test session starts ==========================================================================
platform darwin -- Python 3.12.7, pytest-7.4.4, pluggy-1.0.0 -- /opt/anaconda3/bin/python
cachedir: .pytest_cache
rootdir: /Users/peijia/code/python/mk-python-homework/maku_python_homework_04
plugins: anyio-4.2.0
collected 0 items / 1 error

================================================================================ ERRORS ================================================================================
_________________________________________________________ ERROR collecting tests/test_gilded_rose_approvals.py _________________________________________________________
ImportError while importing test module '/Users/peijia/code/python/mk-python-homework/maku_python_homework_04/tests/test_gilded_rose_approvals.py'.
Hint: make sure your test modules/packages have valid Python names.
Traceback:
/opt/anaconda3/lib/python3.12/importlib/__init__.py:90: in import_module
    return _bootstrap._gcd_import(name[level:], package, level)
tests/test_gilded_rose_approvals.py:4: in <module>
    from approvaltests import verify
E   ModuleNotFoundError: No module named 'approvaltests'
======================================================================= short test summary info ========================================================================
ERROR tests/test_gilded_rose_approvals.py
!!!!!!!!!!!!!!!!!!!!!!!!!!!!!!!!!!!!!!!!!!!!!!!!!!!!!!!!!!!!!!!! Interrupted: 1 error during collection !!!!!!!!!!!!!!!!!!!!!!!!!!!!!!!!!!!!!!!!!!!!!!!!!!!!!!!!!!!!!!!!
=========================================================================== 1 error in 0.02s ===========================================================================
(base) peijia@pei-mac:~/code/python/mk-python-homework/maku_python_homework_04|main⚡ ⇒  python -m pytest tests/test_gilded_rose_approvals.py -v
========================================================================= test session starts ==========================================================================
platform darwin -- Python 3.12.7, pytest-7.4.4, pluggy-1.0.0 -- /opt/anaconda3/bin/python
cachedir: .pytest_cache
rootdir: /Users/peijia/code/python/mk-python-homework/maku_python_homework_04
plugins: anyio-4.2.0
collected 0 items / 1 error

================================================================================ ERRORS ================================================================================
_________________________________________________________ ERROR collecting tests/test_gilded_rose_approvals.py _________________________________________________________
ImportError while importing test module '/Users/peijia/code/python/mk-python-homework/maku_python_homework_04/tests/test_gilded_rose_approvals.py'.
Hint: make sure your test modules/packages have valid Python names.
Traceback:
/opt/anaconda3/lib/python3.12/importlib/__init__.py:90: in import_module
    return _bootstrap._gcd_import(name[level:], package, level)
tests/test_gilded_rose_approvals.py:4: in <module>
    from approvaltests import verify
E   ModuleNotFoundError: No module named 'approvaltests'
======================================================================= short test summary info ========================================================================
ERROR tests/test_gilded_rose_approvals.py
!!!!!!!!!!!!!!!!!!!!!!!!!!!!!!!!!!!!!!!!!!!!!!!!!!!!!!!!!!!!!!!! Interrupted: 1 error during collection !!!!!!!!!!!!!!!!!!!!!!!!!!!!!!!!!!!!!!!!!!!!!!!!!!!!!!!!!!!!!!!!
=========================================================================== 1 error in 0.02s ===========================================================================
(base) peijia@pei-mac:~/code/python/mk-python-homework/maku_python_homework_04|main⚡ ⇒  python -m pytest tests/test_gilded_rose.py -v
========================================================================= test session starts ==========================================================================
platform darwin -- Python 3.12.7, pytest-7.4.4, pluggy-1.0.0 -- /opt/anaconda3/bin/python
cachedir: .pytest_cache
rootdir: /Users/peijia/code/python/mk-python-homework/maku_python_homework_04
plugins: anyio-4.2.0
collected 1 item

tests/test_gilded_rose.py::GildedRoseTest::test_foo FAILED                                                                                                       [100%]

=============================================================================== FAILURES ===============================================================================
_______________________________________________________________________ GildedRoseTest.test_foo ________________________________________________________________________

self = <tests.test_gilded_rose.GildedRoseTest testMethod=test_foo>

    def test_foo(self):
        items = [Item("foo", 0, 0)]
        gilded_rose = GildedRose(items)
        gilded_rose.update_quality()
>       self.assertEqual("fixme", items[0].name)
E       AssertionError: 'fixme' != 'foo'
E       - fixme
E       + foo

tests/test_gilded_rose.py:12: AssertionError
======================================================================= short test summary info ========================================================================
FAILED tests/test_gilded_rose.py::GildedRoseTest::test_foo - AssertionError: 'fixme' != 'foo'
========================================================================== 1 failed in 0.03s ===========================================================================
(base) peijia@pei-mac:~/code/python/mk-python-homework/maku_python_homework_04|main⚡ ⇒  python texttest_fixture.py 10
OMGHAI!
-------- day 0 --------
name, sellIn, quality
+5 Dexterity Vest, 10, 20
Aged Brie, 2, 0
Elixir of the Mongoose, 5, 7
Sulfuras, Hand of Ragnaros, 0, 80
Sulfuras, Hand of Ragnaros, -1, 80
Backstage passes to a TAFKAL80ETC concert, 15, 20
Backstage passes to a TAFKAL80ETC concert, 10, 49
Backstage passes to a TAFKAL80ETC concert, 5, 49
Conjured Mana Cake, 3, 6

-------- day 1 --------
name, sellIn, quality
+5 Dexterity Vest, 9, 19
Aged Brie, 1, 1
Elixir of the Mongoose, 4, 6
Sulfuras, Hand of Ragnaros, -1, 80
Sulfuras, Hand of Ragnaros, -2, 80
Backstage passes to a TAFKAL80ETC concert, 14, 21
Backstage passes to a TAFKAL80ETC concert, 9, 50
Backstage passes to a TAFKAL80ETC concert, 4, 50
Conjured Mana Cake, 2, 4

-------- day 2 --------
name, sellIn, quality
+5 Dexterity Vest, 8, 18
Aged Brie, 0, 2
Elixir of the Mongoose, 3, 5
Sulfuras, Hand of Ragnaros, -2, 80
Sulfuras, Hand of Ragnaros, -3, 80
Backstage passes to a TAFKAL80ETC concert, 13, 22
Backstage passes to a TAFKAL80ETC concert, 8, 50
Backstage passes to a TAFKAL80ETC concert, 3, 50
Conjured Mana Cake, 1, 2

-------- day 3 --------
name, sellIn, quality
+5 Dexterity Vest, 7, 17
Aged Brie, -1, 4
Elixir of the Mongoose, 2, 4
Sulfuras, Hand of Ragnaros, -3, 80
Sulfuras, Hand of Ragnaros, -4, 80
Backstage passes to a TAFKAL80ETC concert, 12, 23
Backstage passes to a TAFKAL80ETC concert, 7, 50
Backstage passes to a TAFKAL80ETC concert, 2, 50
Conjured Mana Cake, 0, 0

-------- day 4 --------
name, sellIn, quality
+5 Dexterity Vest, 6, 16
Aged Brie, -2, 6
Elixir of the Mongoose, 1, 3
Sulfuras, Hand of Ragnaros, -4, 80
Sulfuras, Hand of Ragnaros, -5, 80
Backstage passes to a TAFKAL80ETC concert, 11, 24
Backstage passes to a TAFKAL80ETC concert, 6, 50
Backstage passes to a TAFKAL80ETC concert, 1, 50
Conjured Mana Cake, -1, 0

-------- day 5 --------
name, sellIn, quality
+5 Dexterity Vest, 5, 15
Aged Brie, -3, 8
Elixir of the Mongoose, 0, 2
Sulfuras, Hand of Ragnaros, -5, 80
Sulfuras, Hand of Ragnaros, -6, 80
Backstage passes to a TAFKAL80ETC concert, 10, 25
Backstage passes to a TAFKAL80ETC concert, 5, 50
Backstage passes to a TAFKAL80ETC concert, 0, 50
Conjured Mana Cake, -2, 0

-------- day 6 --------
name, sellIn, quality
+5 Dexterity Vest, 4, 14
Aged Brie, -4, 10
Elixir of the Mongoose, -1, 0
Sulfuras, Hand of Ragnaros, -6, 80
Sulfuras, Hand of Ragnaros, -7, 80
Backstage passes to a TAFKAL80ETC concert, 9, 27
Backstage passes to a TAFKAL80ETC concert, 4, 50
Backstage passes to a TAFKAL80ETC concert, -1, 0
Conjured Mana Cake, -3, 0

-------- day 7 --------
name, sellIn, quality
+5 Dexterity Vest, 3, 13
Aged Brie, -5, 12
Elixir of the Mongoose, -2, 0
Sulfuras, Hand of Ragnaros, -7, 80
Sulfuras, Hand of Ragnaros, -8, 80
Backstage passes to a TAFKAL80ETC concert, 8, 29
Backstage passes to a TAFKAL80ETC concert, 3, 50
Backstage passes to a TAFKAL80ETC concert, -2, 0
Conjured Mana Cake, -4, 0

-------- day 8 --------
name, sellIn, quality
+5 Dexterity Vest, 2, 12
Aged Brie, -6, 14
Elixir of the Mongoose, -3, 0
Sulfuras, Hand of Ragnaros, -8, 80
Sulfuras, Hand of Ragnaros, -9, 80
Backstage passes to a TAFKAL80ETC concert, 7, 31
Backstage passes to a TAFKAL80ETC concert, 2, 50
Backstage passes to a TAFKAL80ETC concert, -3, 0
Conjured Mana Cake, -5, 0

-------- day 9 --------
name, sellIn, quality
+5 Dexterity Vest, 1, 11
Aged Brie, -7, 16
Elixir of the Mongoose, -4, 0
Sulfuras, Hand of Ragnaros, -9, 80
Sulfuras, Hand of Ragnaros, -10, 80
Backstage passes to a TAFKAL80ETC concert, 6, 33
Backstage passes to a TAFKAL80ETC concert, 1, 50
Backstage passes to a TAFKAL80ETC concert, -4, 0
Conjured Mana Cake, -6, 0

-------- day 10 --------
name, sellIn, quality
+5 Dexterity Vest, 0, 10
Aged Brie, -8, 18
Elixir of the Mongoose, -5, 0
Sulfuras, Hand of Ragnaros, -10, 80
Sulfuras, Hand of Ragnaros, -11, 80
Backstage passes to a TAFKAL80ETC concert, 5, 35
Backstage passes to a TAFKAL80ETC concert, 0, 50
Backstage passes to a TAFKAL80ETC concert, -5, 0
Conjured Mana Cake, -7, 0

(base) peijia@pei-mac:~/code/python/mk-python-homework/maku_python_homework_04|main⚡ ⇒

















